TN:result
SF:/usr/include/c++/4.8/bits/basic_ios.h
FN:46,_ZSt13__check_facetISt5ctypeIcEERKT_PS3_
FNDA:0,_ZSt13__check_facetISt5ctypeIcEERKT_PS3_
FNF:1
FNH:0
BRDA:48,0,0,-
BRDA:48,0,1,-
BRF:2
BRH:0
DA:46,0
DA:48,0
DA:49,0
DA:50,0
LF:4
LH:0
end_of_record
SF:/usr/include/c++/4.8/bits/basic_string.h
FN:272,_ZNSs12_Alloc_hiderD2Ev
FNDA:0,_ZNSs12_Alloc_hiderD2Ev
FNF:1
FNH:0
DA:272,0
LF:1
LH:0
end_of_record
SF:/usr/include/c++/4.8/bits/char_traits.h
FN:258,_ZNSt11char_traitsIcE6lengthEPKc
FNDA:0,_ZNSt11char_traitsIcE6lengthEPKc
FNF:1
FNH:0
DA:258,0
DA:259,0
LF:2
LH:0
end_of_record
SF:/usr/include/c++/4.8/bits/ios_base.h
FN:123,_ZStorSt13_Ios_OpenmodeS_
FN:163,_ZStorSt12_Ios_IostateS_
FNDA:1,_ZStorSt13_Ios_OpenmodeS_
FNDA:0,_ZStorSt12_Ios_IostateS_
FNF:2
FNH:1
DA:123,1
DA:124,1
DA:163,0
DA:164,0
LF:4
LH:2
end_of_record
SF:/usr/include/c++/4.8/bits/locale_facets.h
FN:865,_ZNKSt5ctypeIcE5widenEc
FNDA:0,_ZNKSt5ctypeIcE5widenEc
FNF:1
FNH:0
BRDA:867,0,0,-
BRDA:867,0,1,-
BRF:2
BRH:0
DA:865,0
DA:867,0
DA:868,0
DA:869,0
DA:870,0
LF:5
LH:0
end_of_record
SF:/usr/include/c++/4.8/cmath
FN:418,_ZSt3powdi
FNDA:2028,_ZSt3powdi
FNF:1
FNH:1
DA:418,2028
DA:419,2028
LF:2
LH:2
end_of_record
SF:/usr/include/c++/4.8/ext/atomicity.h
FN:48,_ZN9__gnu_cxxL18__exchange_and_addEPVii
FN:65,_ZN9__gnu_cxxL25__exchange_and_add_singleEPii
FN:78,_ZN9__gnu_cxxL27__exchange_and_add_dispatchEPii
FNDA:0,_ZN9__gnu_cxxL18__exchange_and_addEPVii
FNDA:0,_ZN9__gnu_cxxL25__exchange_and_add_singleEPii
FNDA:0,_ZN9__gnu_cxxL27__exchange_and_add_dispatchEPii
FNF:3
FNH:0
BRDA:81,0,1,-
BRDA:81,0,2,-
BRF:2
BRH:0
DA:48,0
DA:49,0
DA:65,0
DA:67,0
DA:68,0
DA:69,0
DA:78,0
DA:81,0
DA:82,0
DA:84,0
LF:10
LH:0
end_of_record
SF:/usr/include/c++/4.8/ext/new_allocator.h
FN:79,_ZN9__gnu_cxx13new_allocatorIcEC2Ev
FN:81,_ZN9__gnu_cxx13new_allocatorIcEC2ERKS1_
FN:86,_ZN9__gnu_cxx13new_allocatorIcED2Ev
FNDA:0,_ZN9__gnu_cxx13new_allocatorIcEC2Ev
FNDA:0,_ZN9__gnu_cxx13new_allocatorIcEC2ERKS1_
FNDA:0,_ZN9__gnu_cxx13new_allocatorIcED2Ev
FNF:3
FNH:0
DA:79,0
DA:81,0
DA:86,0
LF:3
LH:0
end_of_record
SF:/usr/include/c++/4.8/iostream
DA:74,2
LF:1
LH:1
end_of_record
SF:/usr/include/x86_64-linux-gnu/c++/4.8/bits/gthr-default.h
FN:247,_ZL18__gthread_active_pv
FNDA:0,_ZL18__gthread_active_pv
FNF:1
FNH:0
DA:247,0
DA:251,0
LF:2
LH:0
end_of_record
SF:/vol/bitbucket/ic711/usr/local/include/opencv2/core/cuda.inl.hpp
FN:58,_ZN2cv4cuda6GpuMatC2EPNS1_9AllocatorE
FN:116,_ZN2cv4cuda6GpuMatD2Ev
FN:269,_ZNK2cv4cuda6GpuMat8colRangeEii
FN:311,_ZNK2cv4cuda6GpuMat4typeEv
FNDA:6430,_ZN2cv4cuda6GpuMatC2EPNS1_9AllocatorE
FNDA:8458,_ZN2cv4cuda6GpuMatD2Ev
FNDA:2028,_ZNK2cv4cuda6GpuMat8colRangeEii
FNDA:338,_ZNK2cv4cuda6GpuMat4typeEv
FNF:4
FNH:4
BRDA:271,0,3,2028
BRDA:271,0,4,0
BRF:2
BRH:1
DA:58,6430
DA:59,6430
DA:60,6430
DA:116,8458
DA:118,8458
DA:119,8458
DA:269,2028
DA:271,2028
DA:311,338
DA:313,338
LF:10
LH:10
end_of_record
SF:/vol/bitbucket/ic711/usr/local/include/opencv2/core/cvstd.hpp
FN:620,_ZN2cv6StringC2EPKc
FN:665,_ZN2cv6StringD2Ev
FNDA:8,_ZN2cv6StringC2EPKc
FNDA:8,_ZN2cv6StringD2Ev
FNF:2
FNH:2
BRDA:623,0,0,0
BRDA:623,0,1,8
BRF:2
BRH:1
DA:620,8
DA:621,8
DA:623,8
DA:624,8
DA:625,8
DA:665,8
DA:667,8
DA:668,8
LF:8
LH:8
end_of_record
SF:/vol/bitbucket/ic711/usr/local/include/opencv2/core/fast_math.hpp
FN:175,_ZL7cvIsNaNd
FNDA:338,_ZL7cvIsNaNd
FNF:1
FNH:1
DA:175,338
DA:178,338
DA:179,676
DA:180,338
LF:4
LH:4
end_of_record
SF:/vol/bitbucket/ic711/usr/local/include/opencv2/core/mat.hpp
FN:267,_ZN2cv12_OutputArrayD2Ev
FN:341,_ZN2cv17_InputOutputArrayD2Ev
FN:3281,_ZN2cv7MatExprD2Ev
FNDA:16915,_ZN2cv12_OutputArrayD2Ev
FNDA:1,_ZN2cv17_InputOutputArrayD2Ev
FNDA:3054,_ZN2cv7MatExprD2Ev
FNF:3
FNH:3
BRDA:3281,1,1,3054
BRDA:3281,1,2,0
BRDA:3281,2,4,3054
BRDA:3281,2,5,0
BRF:4
BRH:2
DA:267,33830
DA:341,2
DA:3281,3054
LF:3
LH:3
end_of_record
SF:/vol/bitbucket/ic711/usr/local/include/opencv2/core/mat.inl.hpp
FN:59,_ZN2cv11_InputArray4initEiPKv
FN:62,_ZN2cv11_InputArray4initEiPKvNS_5Size_IiEE
FN:69,_ZN2cv11_InputArrayC2Ev
FN:71,_ZN2cv11_InputArrayC2ERKNS_3MatE
FN:93,_ZN2cv11_InputArrayC2IdLi4ELi1EEERKNS_4MatxIT_XT0_EXT1_EEE
FN:93,_ZN2cv11_InputArrayC2IfLi3ELi1EEERKNS_4MatxIT_XT0_EXT1_EEE
FN:93,_ZN2cv11_InputArrayC2IfLi1ELi3EEERKNS_4MatxIT_XT0_EXT1_EEE
FN:110,_ZN2cv11_InputArrayC2ERKNS_4cuda6GpuMatE
FN:122,_ZN2cv11_InputArrayD2Ev
FN:124,_ZNK2cv11_InputArray6getMatEi
FN:141,_ZN2cv12_OutputArrayC2Ev
FN:143,_ZN2cv12_OutputArrayC2ERNS_3MatE
FN:169,_ZN2cv12_OutputArrayC2IdLi4ELi1EEERNS_4MatxIT_XT0_EXT1_EEE
FN:200,_ZN2cv12_OutputArrayC2ERNS_4cuda6GpuMatE
FN:212,_ZN2cv12_OutputArrayC2ERKNS_3MatE
FN:224,_ZN2cv12_OutputArrayC2ERKNS_4cuda6GpuMatE
FN:238,_ZN2cv17_InputOutputArrayC2ERNS_3MatE
FN:329,_ZN2cv3MatC2Ev
FN:335,_ZN2cv3MatC2Eiii
FN:386,_ZN2cv3MatC2ERKS0_
FN:567,_ZN2cv3MatD2Ev
FN:575,_ZN2cv3MataSERKS0_
FN:628,_ZNK2cv3Mat8colRangeEii
FN:657,_ZN2cv3Mat6createEiii
FN:679,_ZN2cv3Mat7releaseEv
FN:708,_ZNK2cv3Mat12isContinuousEv
FN:732,_ZNK2cv3Mat4typeEv
FN:756,_ZNK2cv3Mat5emptyEv
FN:762,_ZNK2cv3Mat5totalEv
FN:787,_ZN2cv3Mat3ptrIfEEPT_i
FN:794,_ZNK2cv3Mat3ptrIfEEPKT_i
FN:1204,_ZN2cv7MatSizeC2EPi
FN:1208,_ZNK2cv7MatSizeclEv
FN:1215,_ZNK2cv7MatSizeixEi
FN:1259,_ZN2cv7MatStepC2Ev
FN:1271,_ZNK2cv7MatStepixEi
FN:1277,_ZN2cv7MatStepixEi
FN:3047,_ZN2cv3MataSERKNS_7MatExprE
FN:3114,_ZNK2cv7MatExprcvNS_3MatEEv
FNDA:69337,_ZN2cv11_InputArray4initEiPKv
FNDA:2030,_ZN2cv11_InputArray4initEiPKvNS_5Size_IiEE
FNDA:16915,_ZN2cv11_InputArrayC2Ev
FNDA:26042,_ZN2cv11_InputArrayC2ERKNS_3MatE
FNDA:1,_ZN2cv11_InputArrayC2IfLi3ELi1EEERKNS_4MatxIT_XT0_EXT1_EEE
FNDA:1,_ZN2cv11_InputArrayC2IfLi1ELi3EEERKNS_4MatxIT_XT0_EXT1_EEE
FNDA:676,_ZN2cv11_InputArrayC2IdLi4ELi1EEERKNS_4MatxIT_XT0_EXT1_EEE
FNDA:10816,_ZN2cv11_InputArrayC2ERKNS_4cuda6GpuMatE
FNDA:54451,_ZN2cv11_InputArrayD2Ev
FNDA:11,_ZNK2cv11_InputArray6getMatEi
FNDA:1,_ZN2cv12_OutputArrayC2Ev
FNDA:9140,_ZN2cv12_OutputArrayC2ERNS_3MatE
FNDA:1352,_ZN2cv12_OutputArrayC2IdLi4ELi1EEERNS_4MatxIT_XT0_EXT1_EEE
FNDA:3042,_ZN2cv12_OutputArrayC2ERNS_4cuda6GpuMatE
FNDA:1352,_ZN2cv12_OutputArrayC2ERKNS_3MatE
FNDA:2028,_ZN2cv12_OutputArrayC2ERKNS_4cuda6GpuMatE
FNDA:1,_ZN2cv17_InputOutputArrayC2ERNS_3MatE
FNDA:1022,_ZN2cv3MatC2Ev
FNDA:21,_ZN2cv3MatC2Eiii
FNDA:156,_ZN2cv3MatC2ERKS0_
FNDA:31251,_ZN2cv3MatD2Ev
FNDA:7144,_ZN2cv3MataSERKS0_
FNDA:13182,_ZNK2cv3Mat8colRangeEii
FNDA:21,_ZN2cv3Mat6createEiii
FNDA:38398,_ZN2cv3Mat7releaseEv
FNDA:676,_ZNK2cv3Mat12isContinuousEv
FNDA:1699,_ZNK2cv3Mat4typeEv
FNDA:3,_ZNK2cv3Mat5emptyEv
FNDA:2,_ZNK2cv3Mat5totalEv
FNDA:1692,_ZN2cv3Mat3ptrIfEEPT_i
FNDA:339,_ZNK2cv3Mat3ptrIfEEPKT_i
FNDA:1199,_ZN2cv7MatSizeC2EPi
FNDA:3381,_ZNK2cv7MatSizeclEv
FNDA:0,_ZNK2cv7MatSizeixEi
FNDA:1200,_ZN2cv7MatStepC2Ev
FNDA:14608,_ZNK2cv7MatStepixEi
FNDA:14605,_ZN2cv7MatStepixEi
FNDA:1017,_ZN2cv3MataSERKNS_7MatExprE
FNDA:679,_ZNK2cv7MatExprcvNS_3MatEEv
FNF:39
FNH:38
BRDA:94,9999,2,1
BRDA:94,9999,3,0
BRDA:94,0,6,1
BRDA:94,0,7,0
BRDA:94,1,10,676
BRDA:94,1,11,0
BRDA:126,0,1,11
BRDA:126,0,2,0
BRDA:126,1,3,11
BRDA:126,1,4,0
BRDA:126,4,5,11
BRDA:126,4,6,0
BRDA:170,9999,2,1352
BRDA:170,9999,3,0
BRDA:391,9999,0,62
BRDA:391,9999,1,98
BRDA:393,0,0,160
BRDA:393,0,1,0
BRDA:570,9999,0,0
BRDA:570,9999,1,31252
BRDA:577,0,0,7144
BRDA:577,0,1,0
BRDA:579,0,0,2734
BRDA:579,0,1,4410
BRDA:583,9999,0,7144
BRDA:583,9999,1,0
BRDA:583,0,2,7144
BRDA:583,0,3,0
BRDA:630,0,3,13182
BRDA:630,0,4,0
BRDA:660,0,0,21
BRDA:660,0,1,0
BRDA:660,1,2,0
BRDA:660,1,3,21
BRDA:660,2,4,-
BRDA:660,2,5,-
BRDA:660,3,7,-
BRDA:660,3,8,-
BRDA:660,4,9,-
BRDA:660,4,10,-
BRDA:660,7,11,0
BRDA:660,7,12,21
BRDA:663,0,1,21
BRDA:663,0,2,0
BRDA:681,0,0,17683
BRDA:681,0,1,20715
BRDA:681,1,2,805
BRDA:681,1,3,16878
BRDA:681,4,4,805
BRDA:681,4,5,37593
BRDA:685,2,0,44766
BRDA:685,2,1,38408
BRDA:758,0,0,2
BRDA:758,0,1,1
BRDA:758,1,3,0
BRDA:758,1,4,2
BRDA:764,0,0,2
BRDA:764,0,1,0
BRDA:767,1,0,-
BRDA:767,1,1,-
BRDA:3117,9999,1,679
BRDA:3117,9999,2,0
BRF:62
BRH:34
DA:59,69337
DA:60,69337
DA:62,2030
DA:63,2030
DA:69,33830
DA:71,52084
DA:93,1356
DA:94,678
DA:110,21632
DA:111,10816
DA:122,54451
DA:124,11
DA:126,11
DA:127,11
DA:128,0
DA:141,2
DA:143,18280
DA:169,2704
DA:170,1352
DA:200,6084
DA:201,3042
DA:212,2704
DA:213,1352
DA:224,4056
DA:225,2028
DA:238,2
DA:329,1022
DA:331,1022
DA:332,1022
DA:335,21
DA:337,21
DA:339,21
DA:340,21
DA:386,156
DA:389,156
DA:391,160
DA:392,62
DA:393,160
DA:395,160
DA:399,0
DA:400,0
DA:402,159
DA:567,31251
DA:569,31251
DA:570,31252
DA:571,0
DA:572,31252
DA:575,7144
DA:577,7144
DA:579,7144
DA:580,2734
DA:581,7144
DA:582,7144
DA:583,7144
DA:585,7144
DA:586,7144
DA:587,7144
DA:588,7144
DA:589,7144
DA:592,0
DA:593,7144
DA:594,7144
DA:595,7144
DA:596,7144
DA:597,7144
DA:598,7144
DA:600,7144
DA:628,13182
DA:630,13182
DA:657,21
DA:659,21
DA:660,21
DA:661,21
DA:662,21
DA:663,21
DA:679,38398
DA:681,38398
DA:682,805
DA:683,38408
DA:684,38408
DA:685,83174
DA:686,44766
DA:687,38408
DA:708,676
DA:710,676
DA:732,1699
DA:734,1699
DA:756,3
DA:758,3
DA:762,2
DA:764,2
DA:765,2
DA:766,0
DA:767,0
DA:768,0
DA:769,0
DA:787,1692
DA:790,1692
DA:794,339
DA:797,339
DA:1204,1199
DA:1205,1199
DA:1208,3381
DA:1211,3381
DA:1215,0
DA:1217,0
DA:1259,1200
DA:1261,1200
DA:1262,1200
DA:1271,14608
DA:1273,14608
DA:1277,14605
DA:1279,14605
DA:3047,1017
DA:3049,1017
DA:3050,1017
DA:3114,679
DA:3116,679
DA:3117,679
DA:3118,679
LF:120
LH:109
end_of_record
SF:/vol/bitbucket/ic711/usr/local/include/opencv2/core/matx.hpp
FN:488,_ZN2cv4MatxIdLi4ELi1EEC2Ev
FN:509,_ZN2cv4MatxIfLi1ELi3EEC2Efff
FN:726,_ZNK2cv4MatxIfLi1ELi3EEclEii
FN:804,_ZN2cv4MatxIfLi3ELi1EEC2ERKNS0_IfLi1ELi3EEENS_8Matx_TOpE
FN:824,_ZNK2cv4MatxIfLi1ELi3EE1tEv
FN:909,_ZN2cv3VecIdLi4EEC2Ev
FNDA:2705,_ZN2cv4MatxIdLi4ELi1EEC2Ev
FNDA:1,_ZN2cv4MatxIfLi1ELi3EEC2Efff
FNDA:3,_ZNK2cv4MatxIfLi1ELi3EEclEii
FNDA:1,_ZN2cv4MatxIfLi3ELi1EEC2ERKNS0_IfLi1ELi3EEENS_8Matx_TOpE
FNDA:1,_ZNK2cv4MatxIfLi1ELi3EE1tEv
FNDA:2705,_ZN2cv3VecIdLi4EEC2Ev
FNF:6
FNH:6
BRDA:490,2,0,10820
BRDA:490,2,1,2705
BRDA:513,2,0,0
BRDA:513,2,1,1
BRDA:806,2,0,3
BRDA:806,2,1,1
BRDA:807,1,0,3
BRDA:807,1,1,3
BRDA:826,0,1,1
BRDA:826,0,2,0
BRF:10
BRH:8
DA:488,2705
DA:490,13525
DA:491,2705
DA:509,1
DA:511,1
DA:512,1
DA:513,1
DA:514,1
DA:726,3
DA:729,3
DA:804,1
DA:806,4
DA:807,6
DA:808,3
DA:809,1
DA:824,1
DA:826,1
DA:909,5410
LF:18
LH:18
end_of_record
SF:/vol/bitbucket/ic711/usr/local/include/opencv2/core/operations.hpp
FN:254,_ZN2cvmLERNS_3MatERKd
FNDA:1,_ZN2cvmLERNS_3MatERKd
FNF:1
FNH:1
BRDA:254,1,2,1
BRDA:254,1,3,0
BRF:2
BRH:1
DA:254,1
LF:1
LH:1
end_of_record
SF:/vol/bitbucket/ic711/usr/local/include/opencv2/core/types.hpp
FN:1066,_ZN2cv6Point_IiEC2Eii
FN:1547,_ZN2cv5Size_IiEC2Ev
FN:1551,_ZN2cv5Size_IiEC2Eii
FN:1569,_ZN2cv5Size_IiEaSERKS1_
FN:1646,_ZN2cveqIiEEbRKNS_5Size_IT_EES5_
FN:1856,_ZN2cv5RangeC2Eii
FN:1872,_ZN2cv5Range3allEv
FN:1934,_ZN2cv7Scalar_IdEC2Ev
FN:2221,_ZN2cv12TermCriteriaC2Eiid
FNDA:2,_ZN2cv6Point_IiEC2Eii
FNDA:54451,_ZN2cv5Size_IiEC2Ev
FNDA:5414,_ZN2cv5Size_IiEC2Eii
FNDA:2030,_ZN2cv5Size_IiEaSERKS1_
FNDA:1014,_ZN2cveqIiEEbRKNS_5Size_IT_EES5_
FNDA:30420,_ZN2cv5RangeC2Eii
FNDA:15210,_ZN2cv5Range3allEv
FNDA:2705,_ZN2cv7Scalar_IdEC2Ev
FNDA:1,_ZN2cv12TermCriteriaC2Eiid
FNF:9
FNH:9
BRDA:1648,0,0,1014
BRDA:1648,0,1,0
BRDA:1648,1,2,1014
BRDA:1648,1,3,0
BRF:4
BRH:2
DA:1066,2
DA:1067,2
DA:1547,54451
DA:1548,54451
DA:1551,5414
DA:1552,5414
DA:1569,2030
DA:1571,2030
DA:1572,2030
DA:1646,1014
DA:1648,1014
DA:1856,30420
DA:1857,30420
DA:1872,15210
DA:1874,15210
DA:1934,5410
DA:1936,2705
DA:1937,2705
DA:2221,1
DA:2222,1
LF:20
LH:20
end_of_record
SF:/vol/bitbucket/ic711/usr/local/include/opencv2/cudaarithm.hpp
BRDA:86,9999,1,338
BRDA:86,9999,2,0
BRDA:86,9999,4,338
BRDA:86,9999,5,0
BRDA:86,9999,7,338
BRDA:86,9999,8,0
BRDA:86,0,10,338
BRDA:86,0,11,0
BRDA:115,9999,1,338
BRDA:115,9999,2,0
BRDA:115,0,4,338
BRDA:115,0,5,0
BRDA:115,1,7,338
BRDA:115,1,8,0
BRDA:115,2,10,338
BRDA:115,2,11,0
BRDA:530,9999,1,2028
BRDA:530,9999,2,0
BRDA:741,9999,1,338
BRDA:741,9999,2,0
BRDA:741,9999,4,338
BRDA:741,9999,5,0
BRF:22
BRH:11
DA:86,1014
DA:115,1352
DA:530,2028
DA:741,676
LF:4
LH:4
end_of_record
SF:/vol/bitbucket/ic711/usr/local/include/opencv2/cudawarping.hpp
BRDA:127,9999,1,338
BRDA:127,9999,2,0
BRDA:127,9999,4,338
BRDA:127,9999,5,0
BRDA:127,9999,7,338
BRDA:127,9999,8,0
BRDA:127,9999,10,338
BRDA:127,9999,11,0
BRF:8
BRH:4
DA:127,1352
LF:1
LH:1
end_of_record
SF:/homes/ic711/Work/pocketReg/gpu_translation/gpuFilter/findTransformBranch/findTransformV3.cpp
FN:49,main
FN:117,_Z8saveWarpSsRKN2cv3MatE
FN:134,_Z25image_jacobian_affine_ECCRKN2cv3MatES2_S2_S2_RS0_
FN:176,_Z25project_onto_jacobian_ECCRKN2cv3MatES2_RS0_
FN:224,_Z25update_warping_matrix_ECCRN2cv3MatERKS0_
FN:250,_Z25modified_findTransformECCRKN2cv11_InputArrayES2_RKNS_17_InputOutputArrayEiNS_12TermCriteriaENS_3MatE
FN:557,_Z41__static_initialization_and_destruction_0ii
FN:557,_GLOBAL__sub_I_main
FNDA:2,main
FNDA:1,_Z8saveWarpSsRKN2cv3MatE
FNDA:338,_Z25image_jacobian_affine_ECCRKN2cv3MatES2_S2_S2_RS0_
FNDA:1352,_Z25project_onto_jacobian_ECCRKN2cv3MatES2_RS0_
FNDA:338,_Z25update_warping_matrix_ECCRN2cv3MatERKS0_
FNDA:1,_Z25modified_findTransformECCRKN2cv11_InputArrayES2_RKNS_17_InputOutputArrayEiNS_12TermCriteriaENS_3MatE
FNDA:2,_GLOBAL__sub_I_main
FNDA:2,_Z41__static_initialization_and_destruction_0ii
FNF:8
FNH:8
BRDA:52,0,0,1
BRDA:52,0,1,1
BRDA:54,0,1,1
BRDA:54,0,2,0
BRDA:54,1,4,1
BRDA:54,1,5,0
BRDA:63,0,1,1
BRDA:63,0,2,0
BRDA:63,1,4,1
BRDA:63,1,5,0
BRDA:63,2,7,1
BRDA:63,2,8,0
BRDA:66,0,1,1
BRDA:66,0,2,0
BRDA:66,1,4,1
BRDA:66,1,5,0
BRDA:66,2,7,1
BRDA:66,2,8,0
BRDA:66,3,10,1
BRDA:66,3,11,0
BRDA:66,4,13,1
BRDA:66,4,14,0
BRDA:67,0,1,1
BRDA:67,0,2,0
BRDA:67,1,4,1
BRDA:67,1,5,0
BRDA:67,2,7,1
BRDA:67,2,8,0
BRDA:67,3,10,1
BRDA:67,3,11,0
BRDA:67,4,13,1
BRDA:67,4,14,0
BRDA:73,0,1,1
BRDA:73,0,2,0
BRDA:73,1,4,1
BRDA:73,1,5,0
BRDA:73,2,7,1
BRDA:73,2,8,0
BRDA:73,3,10,1
BRDA:73,3,11,0
BRDA:81,9999,1,1
BRDA:81,9999,2,0
BRDA:81,0,4,1
BRDA:81,0,5,0
BRDA:90,0,1,1
BRDA:90,0,2,0
BRDA:90,1,4,1
BRDA:90,1,5,0
BRDA:90,2,7,1
BRDA:90,2,8,0
BRDA:90,3,10,1
BRDA:90,3,11,0
BRDA:90,4,13,1
BRDA:90,4,14,0
BRDA:90,5,19,1
BRDA:90,5,20,0
BRDA:93,0,1,1
BRDA:93,0,2,0
BRDA:93,1,4,1
BRDA:93,1,5,0
BRDA:97,0,1,1
BRDA:97,0,2,0
BRDA:97,1,4,1
BRDA:97,1,5,0
BRDA:97,2,7,1
BRDA:97,2,8,0
BRDA:97,3,10,1
BRDA:97,3,11,0
BRDA:97,4,13,1
BRDA:97,4,14,0
BRDA:97,5,16,1
BRDA:97,5,17,0
BRDA:100,9999,2,1
BRDA:100,9999,3,0
BRDA:100,0,5,1
BRDA:100,0,6,0
BRDA:100,1,8,1
BRDA:100,1,9,0
BRDA:102,9999,1,1
BRDA:102,9999,2,0
BRDA:102,0,4,1
BRDA:102,0,5,0
BRDA:102,1,7,1
BRDA:102,1,8,0
BRDA:105,0,1,1
BRDA:105,0,2,0
BRDA:105,1,4,1
BRDA:105,1,5,0
BRDA:105,2,7,1
BRDA:105,2,8,0
BRDA:106,0,1,1
BRDA:106,0,2,0
BRDA:106,1,4,1
BRDA:106,1,5,0
BRDA:106,2,7,1
BRDA:106,2,8,0
BRDA:107,0,1,1
BRDA:107,0,2,0
BRDA:107,1,4,1
BRDA:107,1,5,0
BRDA:107,2,7,1
BRDA:107,2,8,0
BRDA:108,0,1,1
BRDA:108,0,2,0
BRDA:108,1,4,1
BRDA:108,1,5,0
BRDA:108,2,7,1
BRDA:108,2,8,0
BRDA:108,3,10,1
BRDA:108,3,11,0
BRDA:109,9999,1,1
BRDA:109,9999,2,0
BRDA:109,0,4,1
BRDA:109,0,5,0
BRDA:109,1,7,1
BRDA:109,1,8,0
BRDA:109,2,10,1
BRDA:109,2,11,0
BRDA:110,9999,1,1
BRDA:110,9999,2,0
BRDA:110,0,4,1
BRDA:110,0,5,0
BRDA:110,1,7,1
BRDA:110,1,8,0
BRDA:110,2,10,1
BRDA:110,2,11,0
BRDA:111,9999,1,1
BRDA:111,9999,2,0
BRDA:113,0,1,1
BRDA:113,0,2,0
BRDA:120,0,1,0
BRDA:120,0,2,1
BRDA:120,1,4,-
BRDA:120,1,5,-
BRDA:120,2,7,-
BRDA:120,2,8,-
BRDA:120,3,10,-
BRDA:120,3,11,-
BRDA:124,9999,2,1
BRDA:124,9999,3,0
BRDA:124,0,5,1
BRDA:124,0,6,0
BRDA:125,0,1,1
BRDA:125,0,2,0
BRDA:125,1,4,1
BRDA:125,1,5,0
BRDA:125,2,7,1
BRDA:125,2,8,0
BRDA:125,3,10,1
BRDA:125,3,11,0
BRDA:125,4,13,1
BRDA:125,4,14,0
BRDA:125,5,16,1
BRDA:125,5,17,0
BRDA:126,0,1,1
BRDA:126,0,2,0
BRDA:126,1,4,1
BRDA:126,1,5,0
BRDA:126,2,7,1
BRDA:126,2,8,0
BRDA:126,3,10,1
BRDA:126,3,11,0
BRDA:126,4,13,1
BRDA:126,4,14,0
BRDA:126,5,16,1
BRDA:126,5,17,0
BRDA:126,6,19,1
BRDA:126,6,20,0
BRDA:139,0,1,338
BRDA:139,0,2,0
BRDA:139,1,4,338
BRDA:139,1,5,0
BRDA:139,2,7,0
BRDA:139,2,8,338
BRDA:139,3,10,-
BRDA:139,3,11,-
BRDA:139,4,13,-
BRDA:139,4,14,-
BRDA:139,5,16,-
BRDA:139,5,17,-
BRDA:140,0,1,338
BRDA:140,0,2,0
BRDA:140,1,4,338
BRDA:140,1,5,0
BRDA:140,2,7,0
BRDA:140,2,8,338
BRDA:140,3,10,-
BRDA:140,3,11,-
BRDA:140,4,13,-
BRDA:140,4,14,-
BRDA:140,5,16,-
BRDA:140,5,17,-
BRDA:141,0,1,338
BRDA:141,0,2,0
BRDA:141,1,4,338
BRDA:141,1,5,0
BRDA:141,2,7,0
BRDA:141,2,8,338
BRDA:141,3,10,-
BRDA:141,3,11,-
BRDA:141,4,13,-
BRDA:141,4,14,-
BRDA:141,5,16,-
BRDA:141,5,17,-
BRDA:143,0,0,0
BRDA:143,0,1,338
BRDA:143,1,3,-
BRDA:143,1,4,-
BRDA:143,2,6,-
BRDA:143,2,7,-
BRDA:143,3,9,-
BRDA:143,3,10,-
BRDA:144,0,0,0
BRDA:144,0,1,338
BRDA:144,1,3,-
BRDA:144,1,4,-
BRDA:144,2,6,-
BRDA:144,2,7,-
BRDA:144,3,9,-
BRDA:144,3,10,-
BRDA:146,0,1,0
BRDA:146,0,2,338
BRDA:146,1,4,-
BRDA:146,1,5,-
BRDA:146,2,7,-
BRDA:146,2,8,-
BRDA:146,3,10,-
BRDA:146,3,11,-
BRDA:148,0,1,338
BRDA:148,0,2,0
BRDA:148,1,5,338
BRDA:148,1,6,0
BRDA:148,2,9,338
BRDA:148,2,10,0
BRDA:148,3,13,338
BRDA:148,3,14,0
BRDA:148,4,17,338
BRDA:148,4,18,0
BRDA:148,5,21,338
BRDA:148,5,22,0
BRDA:148,6,24,338
BRDA:148,6,25,0
BRDA:148,7,27,338
BRDA:148,7,28,0
BRDA:148,8,30,338
BRDA:148,8,31,0
BRDA:150,9999,1,338
BRDA:150,9999,2,0
BRDA:150,0,4,338
BRDA:150,0,5,0
BRDA:151,9999,1,338
BRDA:151,9999,2,0
BRDA:151,0,4,338
BRDA:151,0,5,0
BRDA:152,9999,1,338
BRDA:152,9999,2,0
BRDA:152,0,4,338
BRDA:152,0,5,0
BRDA:153,9999,1,338
BRDA:153,9999,2,0
BRDA:153,0,4,338
BRDA:153,0,5,0
BRDA:154,9999,1,338
BRDA:154,9999,2,0
BRDA:154,0,4,338
BRDA:154,0,5,0
BRDA:161,0,1,338
BRDA:161,0,2,0
BRDA:161,1,4,338
BRDA:161,1,5,0
BRDA:161,2,7,338
BRDA:161,2,8,0
BRDA:161,3,10,338
BRDA:161,3,11,0
BRDA:161,4,13,338
BRDA:161,4,14,0
BRDA:161,5,19,338
BRDA:161,5,20,0
BRDA:162,0,1,338
BRDA:162,0,2,0
BRDA:162,1,4,338
BRDA:162,1,5,0
BRDA:162,2,7,338
BRDA:162,2,8,0
BRDA:162,3,10,338
BRDA:162,3,11,0
BRDA:162,4,13,338
BRDA:162,4,14,0
BRDA:162,5,19,338
BRDA:162,5,20,0
BRDA:163,0,1,338
BRDA:163,0,2,0
BRDA:163,1,4,338
BRDA:163,1,5,0
BRDA:163,2,7,338
BRDA:163,2,8,0
BRDA:163,3,10,338
BRDA:163,3,11,0
BRDA:163,4,13,338
BRDA:163,4,14,0
BRDA:163,5,19,338
BRDA:163,5,20,0
BRDA:164,0,1,338
BRDA:164,0,2,0
BRDA:164,1,4,338
BRDA:164,1,5,0
BRDA:164,2,7,338
BRDA:164,2,8,0
BRDA:164,3,10,338
BRDA:164,3,11,0
BRDA:164,4,13,338
BRDA:164,4,14,0
BRDA:164,5,19,338
BRDA:164,5,20,0
BRDA:165,0,1,338
BRDA:165,0,2,0
BRDA:165,1,4,338
BRDA:165,1,5,0
BRDA:165,2,7,338
BRDA:165,2,8,0
BRDA:165,3,11,338
BRDA:165,3,12,0
BRDA:166,0,1,338
BRDA:166,0,2,0
BRDA:166,1,4,338
BRDA:166,1,5,0
BRDA:166,2,7,338
BRDA:166,2,8,0
BRDA:166,3,11,338
BRDA:166,3,12,0
BRDA:168,0,1,338
BRDA:168,0,2,0
BRDA:168,1,4,338
BRDA:168,1,5,0
BRDA:169,9999,1,338
BRDA:169,9999,2,0
BRDA:169,0,4,338
BRDA:169,0,5,0
BRDA:170,9999,1,338
BRDA:170,9999,2,0
BRDA:170,0,4,338
BRDA:170,0,5,0
BRDA:171,9999,1,338
BRDA:171,9999,2,0
BRDA:171,0,4,338
BRDA:171,0,5,0
BRDA:172,9999,1,338
BRDA:172,9999,2,0
BRDA:172,0,4,338
BRDA:172,0,5,0
BRDA:172,2,8,338
BRDA:172,2,9,0
BRDA:188,0,0,0
BRDA:188,0,1,1352
BRDA:188,1,3,-
BRDA:188,1,4,-
BRDA:188,2,6,-
BRDA:188,2,7,-
BRDA:188,3,9,-
BRDA:188,3,10,-
BRDA:189,0,0,0
BRDA:189,0,1,1352
BRDA:189,1,3,-
BRDA:189,1,4,-
BRDA:189,2,6,-
BRDA:189,2,7,-
BRDA:189,3,9,-
BRDA:189,3,10,-
BRDA:194,9999,1,1352
BRDA:194,9999,2,0
BRDA:197,9999,0,1014
BRDA:197,9999,1,338
BRDA:199,2,0,6084
BRDA:199,2,1,1014
BRDA:200,0,1,6084
BRDA:200,0,2,0
BRDA:200,1,4,6084
BRDA:200,1,5,0
BRDA:200,2,7,6084
BRDA:200,2,8,0
BRDA:200,3,11,6084
BRDA:200,3,12,0
BRDA:205,0,0,0
BRDA:205,0,1,338
BRDA:205,1,3,-
BRDA:205,1,4,-
BRDA:205,2,6,-
BRDA:205,2,7,-
BRDA:205,3,9,-
BRDA:205,3,10,-
BRDA:207,0,1,338
BRDA:207,0,2,0
BRDA:208,2,0,2028
BRDA:208,2,1,338
BRDA:209,0,1,2028
BRDA:209,0,2,0
BRDA:209,1,4,2028
BRDA:209,1,5,0
BRDA:209,2,7,2028
BRDA:209,2,8,0
BRDA:210,0,1,2028
BRDA:210,0,2,0
BRDA:210,1,4,2028
BRDA:210,1,5,0
BRDA:211,0,1,2028
BRDA:211,0,2,0
BRDA:211,1,4,2028
BRDA:211,1,5,0
BRDA:213,9999,1,2028
BRDA:213,9999,2,0
BRDA:213,0,4,2028
BRDA:213,0,5,0
BRDA:215,1,0,5070
BRDA:215,1,1,2028
BRDA:216,0,1,5070
BRDA:216,0,2,0
BRDA:216,1,4,5070
BRDA:216,1,5,0
BRDA:216,2,7,5070
BRDA:216,2,8,0
BRDA:216,3,11,5070
BRDA:216,3,12,0
BRDA:219,0,1,338
BRDA:219,0,2,0
BRDA:220,0,1,1352
BRDA:220,0,2,0
BRDA:226,0,1,0
BRDA:226,0,2,338
BRDA:226,1,5,-
BRDA:226,1,6,-
BRDA:227,0,1,0
BRDA:227,0,2,338
BRDA:227,1,5,-
BRDA:227,1,6,-
BRDA:229,0,0,338
BRDA:229,0,1,0
BRDA:229,1,2,338
BRDA:229,1,3,0
BRDA:229,3,6,-
BRDA:229,3,7,-
BRDA:231,0,0,0
BRDA:231,0,1,338
BRDA:231,1,4,-
BRDA:231,1,5,-
BRDA:233,0,1,0
BRDA:233,0,2,338
BRDA:233,1,5,-
BRDA:233,1,6,-
BRDA:234,0,1,0
BRDA:234,0,2,338
BRDA:234,1,5,-
BRDA:234,1,6,-
BRDA:259,0,1,1
BRDA:259,0,2,0
BRDA:260,0,1,1
BRDA:260,0,2,0
BRDA:260,1,4,1
BRDA:260,1,5,0
BRDA:261,0,1,1
BRDA:261,0,2,0
BRDA:261,1,4,1
BRDA:261,1,5,0
BRDA:263,0,1,1
BRDA:263,0,2,0
BRDA:263,1,3,0
BRDA:263,1,4,1
BRDA:263,2,6,-
BRDA:263,2,7,-
BRDA:263,3,9,-
BRDA:263,3,10,-
BRDA:263,4,12,-
BRDA:263,4,13,-
BRDA:264,0,1,1
BRDA:264,0,2,0
BRDA:264,1,3,0
BRDA:264,1,4,1
BRDA:264,2,6,-
BRDA:264,2,7,-
BRDA:264,3,9,-
BRDA:264,3,10,-
BRDA:264,4,12,-
BRDA:264,4,13,-
BRDA:267,0,2,0
BRDA:267,0,3,1
BRDA:268,0,1,-
BRDA:268,0,2,-
BRDA:268,1,4,-
BRDA:268,1,5,-
BRDA:268,2,7,-
BRDA:268,2,8,-
BRDA:271,0,1,0
BRDA:271,0,2,1
BRDA:271,1,4,-
BRDA:271,1,5,-
BRDA:271,4,6,0
BRDA:271,4,7,1
BRDA:272,0,1,-
BRDA:272,0,2,-
BRDA:272,1,4,-
BRDA:272,1,5,-
BRDA:272,2,7,-
BRDA:272,2,8,-
BRDA:274,0,1,0
BRDA:274,0,2,1
BRDA:275,0,1,-
BRDA:275,0,2,-
BRDA:275,1,4,-
BRDA:275,1,5,-
BRDA:275,2,7,-
BRDA:275,2,8,-
BRDA:277,0,0,0
BRDA:277,0,1,1
BRDA:277,1,3,-
BRDA:277,1,4,-
BRDA:277,2,6,-
BRDA:277,2,7,-
BRDA:277,3,9,-
BRDA:277,3,10,-
BRDA:278,0,0,0
BRDA:278,0,1,1
BRDA:278,1,2,-
BRDA:278,1,3,-
BRDA:278,2,5,-
BRDA:278,2,6,-
BRDA:278,3,8,-
BRDA:278,3,9,-
BRDA:278,4,11,-
BRDA:278,4,12,-
BRDA:281,0,0,0
BRDA:281,0,1,1
BRDA:281,1,2,-
BRDA:281,1,3,-
BRDA:281,2,5,-
BRDA:281,2,6,-
BRDA:281,3,8,-
BRDA:281,3,9,-
BRDA:281,4,11,-
BRDA:281,4,12,-
BRDA:282,0,0,1
BRDA:282,0,1,0
BRDA:283,0,0,1
BRDA:283,0,1,0
BRDA:294,0,1,1
BRDA:294,0,2,0
BRDA:294,1,4,1
BRDA:294,1,5,0
BRDA:295,0,1,1
BRDA:295,0,2,0
BRDA:295,1,4,1
BRDA:295,1,5,0
BRDA:296,0,1,1
BRDA:296,0,2,0
BRDA:296,1,4,1
BRDA:296,1,5,0
BRDA:297,0,1,1
BRDA:297,0,2,0
BRDA:297,1,4,1
BRDA:297,1,5,0
BRDA:302,1,0,480
BRDA:302,1,1,1
BRDA:304,2,0,360
BRDA:304,2,1,1
BRDA:307,0,1,1
BRDA:307,0,2,0
BRDA:307,1,4,1
BRDA:307,1,5,0
BRDA:307,2,7,1
BRDA:307,2,8,0
BRDA:308,9999,1,1
BRDA:308,9999,2,0
BRDA:308,0,4,1
BRDA:308,0,5,0
BRDA:308,1,7,1
BRDA:308,1,8,0
BRDA:310,9999,1,1
BRDA:310,9999,2,0
BRDA:311,0,1,1
BRDA:311,0,2,0
BRDA:313,0,1,1
BRDA:313,0,2,0
BRDA:313,1,4,1
BRDA:313,1,5,0
BRDA:314,0,1,1
BRDA:314,0,2,0
BRDA:314,1,4,1
BRDA:314,1,5,0
BRDA:315,0,1,1
BRDA:315,0,2,0
BRDA:315,1,4,1
BRDA:315,1,5,0
BRDA:316,0,1,1
BRDA:316,0,2,0
BRDA:316,1,4,1
BRDA:316,1,5,0
BRDA:317,0,1,1
BRDA:317,0,2,0
BRDA:317,1,4,1
BRDA:317,1,5,0
BRDA:319,0,1,1
BRDA:319,0,2,0
BRDA:319,1,4,1
BRDA:319,1,5,0
BRDA:321,0,1,1
BRDA:321,0,2,0
BRDA:321,1,4,1
BRDA:321,1,5,0
BRDA:323,0,1,1
BRDA:323,0,2,0
BRDA:323,1,3,1
BRDA:323,1,4,0
BRDA:324,0,1,1
BRDA:324,0,2,0
BRDA:324,1,4,1
BRDA:324,1,5,0
BRDA:324,2,7,1
BRDA:324,2,8,0
BRDA:326,0,1,-
BRDA:326,0,2,-
BRDA:326,1,4,-
BRDA:326,1,5,-
BRDA:326,2,7,-
BRDA:326,2,8,-
BRDA:329,0,2,1
BRDA:329,0,3,0
BRDA:329,1,5,1
BRDA:329,1,6,0
BRDA:330,9999,2,1
BRDA:330,9999,3,0
BRDA:330,0,5,1
BRDA:330,0,6,0
BRDA:330,1,8,1
BRDA:330,1,9,0
BRDA:332,9999,1,1
BRDA:332,9999,2,0
BRDA:332,0,4,1
BRDA:332,0,5,0
BRDA:333,0,1,1
BRDA:333,0,2,0
BRDA:333,1,4,1
BRDA:333,1,5,0
BRDA:334,9999,2,1
BRDA:334,9999,3,0
BRDA:334,0,5,1
BRDA:334,0,6,0
BRDA:334,1,8,1
BRDA:334,1,9,0
BRDA:337,9999,1,1
BRDA:337,9999,2,0
BRDA:340,0,2,1
BRDA:340,0,3,0
BRDA:340,1,5,1
BRDA:340,1,6,0
BRDA:341,9999,2,1
BRDA:341,9999,3,0
BRDA:341,0,5,1
BRDA:341,0,6,0
BRDA:343,9999,2,1
BRDA:343,9999,3,0
BRDA:343,0,5,1
BRDA:343,0,6,0
BRDA:344,9999,2,1
BRDA:344,9999,3,0
BRDA:344,0,5,1
BRDA:344,0,6,0
BRDA:344,1,8,1
BRDA:344,1,9,0
BRDA:347,9999,1,1
BRDA:347,9999,2,0
BRDA:347,0,4,1
BRDA:347,0,5,0
BRDA:347,1,7,1
BRDA:347,1,8,0
BRDA:347,2,10,1
BRDA:347,2,11,0
BRDA:348,0,1,1
BRDA:348,0,2,0
BRDA:348,1,4,1
BRDA:348,1,5,0
BRDA:348,2,7,1
BRDA:348,2,8,0
BRDA:348,3,10,1
BRDA:348,3,11,0
BRDA:349,0,1,1
BRDA:349,0,2,0
BRDA:349,1,4,1
BRDA:349,1,5,0
BRDA:350,0,1,1
BRDA:350,0,2,0
BRDA:350,1,4,1
BRDA:350,1,5,0
BRDA:354,0,1,1
BRDA:354,0,2,0
BRDA:356,0,2,1
BRDA:356,0,3,0
BRDA:356,1,5,1
BRDA:356,1,6,0
BRDA:356,2,8,1
BRDA:356,2,9,0
BRDA:356,3,11,1
BRDA:356,3,12,0
BRDA:357,9999,2,1
BRDA:357,9999,3,0
BRDA:357,0,5,1
BRDA:357,0,6,0
BRDA:357,1,8,1
BRDA:357,1,9,0
BRDA:357,2,11,1
BRDA:357,2,12,0
BRDA:357,3,14,1
BRDA:357,3,15,0
BRDA:359,9999,1,1
BRDA:359,9999,2,0
BRDA:359,0,4,1
BRDA:359,0,5,0
BRDA:359,1,7,1
BRDA:359,1,8,0
BRDA:359,2,10,1
BRDA:359,2,11,0
BRDA:360,9999,1,1
BRDA:360,9999,2,0
BRDA:360,0,4,1
BRDA:360,0,5,0
BRDA:360,1,7,1
BRDA:360,1,8,0
BRDA:360,2,10,1
BRDA:360,2,11,0
BRDA:363,9999,1,1
BRDA:363,9999,2,0
BRDA:363,0,4,1
BRDA:363,0,5,0
BRDA:364,0,1,1
BRDA:364,0,2,0
BRDA:364,1,4,1
BRDA:364,1,5,0
BRDA:365,0,1,1
BRDA:365,0,2,0
BRDA:365,1,4,1
BRDA:365,1,5,0
BRDA:366,0,1,1
BRDA:366,0,2,0
BRDA:366,1,4,1
BRDA:366,1,5,0
BRDA:367,0,1,1
BRDA:367,0,2,0
BRDA:367,1,4,1
BRDA:367,1,5,0
BRDA:368,0,1,1
BRDA:368,0,2,0
BRDA:368,1,4,1
BRDA:368,1,5,0
BRDA:369,0,1,1
BRDA:369,0,2,0
BRDA:369,1,4,1
BRDA:369,1,5,0
BRDA:371,0,1,1
BRDA:371,0,2,0
BRDA:371,1,4,1
BRDA:371,1,5,0
BRDA:372,0,1,1
BRDA:372,0,2,0
BRDA:372,1,4,1
BRDA:372,1,5,0
BRDA:382,0,1,1
BRDA:382,0,2,0
BRDA:382,1,5,1
BRDA:382,1,6,0
BRDA:382,3,9,1
BRDA:382,3,10,0
BRDA:382,4,12,1
BRDA:382,4,13,0
BRDA:383,9999,1,1
BRDA:383,9999,2,0
BRDA:383,0,5,1
BRDA:383,0,6,0
BRDA:383,2,9,1
BRDA:383,2,10,0
BRDA:383,3,12,1
BRDA:383,3,13,0
BRDA:384,9999,1,1
BRDA:384,9999,2,0
BRDA:384,0,5,1
BRDA:384,0,6,0
BRDA:384,2,9,1
BRDA:384,2,10,0
BRDA:384,3,12,1
BRDA:384,3,13,0
BRDA:385,9999,1,1
BRDA:385,9999,2,0
BRDA:385,0,5,1
BRDA:385,0,6,0
BRDA:385,2,9,1
BRDA:385,2,10,0
BRDA:385,3,12,1
BRDA:385,3,13,0
BRDA:387,1,0,339
BRDA:387,1,1,0
BRDA:387,2,2,338
BRDA:387,2,3,1
BRDA:390,0,1,338
BRDA:390,0,2,0
BRDA:390,1,4,338
BRDA:390,1,5,0
BRDA:391,9999,1,338
BRDA:391,9999,2,0
BRDA:391,0,4,338
BRDA:391,0,5,0
BRDA:392,9999,1,338
BRDA:392,9999,2,0
BRDA:392,0,4,338
BRDA:392,0,5,0
BRDA:393,9999,1,338
BRDA:393,9999,2,0
BRDA:393,0,4,338
BRDA:393,0,5,0
BRDA:394,9999,1,338
BRDA:394,9999,2,0
BRDA:394,0,4,338
BRDA:394,0,5,0
BRDA:395,9999,1,338
BRDA:395,9999,2,0
BRDA:395,0,4,338
BRDA:395,0,5,0
BRDA:396,9999,1,338
BRDA:396,9999,2,0
BRDA:396,0,4,338
BRDA:396,0,5,0
BRDA:397,9999,1,338
BRDA:397,9999,2,0
BRDA:397,0,4,338
BRDA:397,0,5,0
BRDA:401,0,1,338
BRDA:401,0,2,0
BRDA:401,1,4,338
BRDA:401,1,5,0
BRDA:401,2,7,338
BRDA:401,2,8,0
BRDA:401,3,10,338
BRDA:401,3,11,0
BRDA:401,4,13,338
BRDA:401,4,14,0
BRDA:401,5,16,338
BRDA:401,5,17,0
BRDA:402,0,1,338
BRDA:402,0,2,0
BRDA:402,1,4,338
BRDA:402,1,5,0
BRDA:402,2,7,338
BRDA:402,2,8,0
BRDA:402,3,10,338
BRDA:402,3,11,0
BRDA:402,4,13,338
BRDA:402,4,14,0
BRDA:402,5,16,338
BRDA:402,5,17,0
BRDA:403,0,1,338
BRDA:403,0,2,0
BRDA:403,1,4,338
BRDA:403,1,5,0
BRDA:403,2,7,338
BRDA:403,2,8,0
BRDA:403,3,10,338
BRDA:403,3,11,0
BRDA:403,4,13,338
BRDA:403,4,14,0
BRDA:403,5,16,338
BRDA:403,5,17,0
BRDA:404,0,1,338
BRDA:404,0,2,0
BRDA:404,1,4,338
BRDA:404,1,5,0
BRDA:404,2,7,338
BRDA:404,2,8,0
BRDA:404,3,10,338
BRDA:404,3,11,0
BRDA:404,4,13,338
BRDA:404,4,14,0
BRDA:404,5,16,338
BRDA:404,5,17,0
BRDA:407,9999,1,338
BRDA:407,9999,2,0
BRDA:407,0,4,338
BRDA:407,0,5,0
BRDA:408,9999,1,338
BRDA:408,9999,2,0
BRDA:408,0,4,338
BRDA:408,0,5,0
BRDA:410,9999,1,338
BRDA:410,9999,2,0
BRDA:410,0,4,338
BRDA:410,0,5,0
BRDA:410,1,7,338
BRDA:410,1,8,0
BRDA:410,2,10,338
BRDA:410,2,11,0
BRDA:411,0,1,338
BRDA:411,0,2,0
BRDA:411,1,4,338
BRDA:411,1,5,0
BRDA:411,2,7,338
BRDA:411,2,8,0
BRDA:411,3,10,338
BRDA:411,3,11,0
BRDA:411,4,13,338
BRDA:411,4,14,0
BRDA:412,9999,1,338
BRDA:412,9999,2,0
BRDA:412,0,4,338
BRDA:412,0,5,0
BRDA:412,1,7,338
BRDA:412,1,8,0
BRDA:412,2,10,338
BRDA:412,2,11,0
BRDA:412,3,13,338
BRDA:412,3,14,0
BRDA:414,9999,1,338
BRDA:414,9999,2,0
BRDA:414,0,4,338
BRDA:414,0,5,0
BRDA:415,9999,1,338
BRDA:415,9999,2,0
BRDA:415,0,4,338
BRDA:415,0,5,0
BRDA:418,0,1,338
BRDA:418,0,2,0
BRDA:418,1,4,338
BRDA:418,1,5,0
BRDA:418,2,7,338
BRDA:418,2,8,0
BRDA:418,3,10,338
BRDA:418,3,11,0
BRDA:418,4,13,338
BRDA:418,4,14,0
BRDA:420,9999,1,338
BRDA:420,9999,2,0
BRDA:422,9999,1,338
BRDA:422,9999,2,0
BRDA:422,1,5,338
BRDA:422,1,6,0
BRDA:424,9999,1,338
BRDA:424,9999,2,0
BRDA:424,0,4,338
BRDA:424,0,5,0
BRDA:427,9999,2,338
BRDA:427,9999,3,0
BRDA:427,0,5,338
BRDA:427,0,6,0
BRDA:427,1,8,338
BRDA:427,1,9,0
BRDA:429,0,1,338
BRDA:429,0,2,0
BRDA:429,1,4,338
BRDA:429,1,5,0
BRDA:431,0,1,338
BRDA:431,0,2,0
BRDA:431,1,4,338
BRDA:431,1,5,0
BRDA:431,2,7,338
BRDA:431,2,8,0
BRDA:431,3,10,338
BRDA:431,3,11,0
BRDA:431,4,13,338
BRDA:431,4,14,0
BRDA:433,9999,1,338
BRDA:433,9999,2,0
BRDA:433,0,4,338
BRDA:433,0,5,0
BRDA:434,9999,1,338
BRDA:434,9999,2,0
BRDA:434,0,4,338
BRDA:434,0,5,0
BRDA:435,9999,1,338
BRDA:435,9999,2,0
BRDA:435,0,4,338
BRDA:435,0,5,0
BRDA:436,9999,1,338
BRDA:436,9999,2,0
BRDA:436,0,4,338
BRDA:436,0,5,0
BRDA:437,9999,1,338
BRDA:437,9999,2,0
BRDA:437,0,4,338
BRDA:437,0,5,0
BRDA:438,9999,1,338
BRDA:438,9999,2,0
BRDA:438,0,4,338
BRDA:438,0,5,0
BRDA:439,9999,1,338
BRDA:439,9999,2,0
BRDA:439,0,4,338
BRDA:439,0,5,0
BRDA:440,9999,1,338
BRDA:440,9999,2,0
BRDA:440,0,4,338
BRDA:440,0,5,0
BRDA:441,9999,1,338
BRDA:441,9999,2,0
BRDA:441,0,4,338
BRDA:441,0,5,0
BRDA:442,9999,1,338
BRDA:442,9999,2,0
BRDA:442,0,4,338
BRDA:442,0,5,0
BRDA:444,9999,1,338
BRDA:444,9999,2,0
BRDA:444,0,4,338
BRDA:444,0,5,0
BRDA:445,9999,1,338
BRDA:445,9999,2,0
BRDA:445,0,4,338
BRDA:445,0,5,0
BRDA:447,9999,1,338
BRDA:447,9999,2,0
BRDA:450,0,1,338
BRDA:450,0,2,0
BRDA:452,0,1,338
BRDA:452,0,2,0
BRDA:452,1,4,338
BRDA:452,1,5,0
BRDA:452,2,7,338
BRDA:452,2,8,0
BRDA:454,0,1,338
BRDA:454,0,2,0
BRDA:454,1,4,338
BRDA:454,1,5,0
BRDA:459,9999,1,0
BRDA:459,9999,2,338
BRDA:460,0,1,-
BRDA:460,0,2,-
BRDA:460,1,4,-
BRDA:460,1,5,-
BRDA:460,2,7,-
BRDA:460,2,8,-
BRDA:464,0,1,338
BRDA:464,0,2,0
BRDA:465,0,1,338
BRDA:465,0,2,0
BRDA:472,0,1,338
BRDA:472,0,2,0
BRDA:472,1,5,338
BRDA:472,1,6,0
BRDA:472,2,9,338
BRDA:472,2,10,0
BRDA:472,4,13,338
BRDA:472,4,14,0
BRDA:472,5,16,338
BRDA:472,5,17,0
BRDA:472,6,19,338
BRDA:472,6,20,0
BRDA:473,9999,1,338
BRDA:473,9999,2,0
BRDA:473,0,4,338
BRDA:473,0,5,0
BRDA:474,9999,1,338
BRDA:474,9999,2,0
BRDA:474,0,4,338
BRDA:474,0,5,0
BRDA:475,9999,1,338
BRDA:475,9999,2,0
BRDA:475,0,4,338
BRDA:475,0,5,0
BRDA:487,9999,2,338
BRDA:487,9999,3,0
BRDA:487,0,5,338
BRDA:487,0,6,0
BRDA:487,1,8,338
BRDA:487,1,9,0
BRDA:487,2,11,338
BRDA:487,2,12,0
BRDA:489,0,1,338
BRDA:489,0,2,0
BRDA:489,2,5,338
BRDA:489,2,6,0
BRDA:490,9999,1,338
BRDA:490,9999,2,0
BRDA:490,0,4,338
BRDA:490,0,5,0
BRDA:496,0,1,338
BRDA:496,0,2,0
BRDA:496,1,4,338
BRDA:496,1,5,0
BRDA:496,2,7,338
BRDA:496,2,8,0
BRDA:496,3,10,338
BRDA:496,3,11,0
BRDA:496,4,13,338
BRDA:496,4,14,0
BRDA:499,9999,1,338
BRDA:499,9999,2,0
BRDA:499,0,4,338
BRDA:499,0,5,0
BRDA:500,9999,1,338
BRDA:500,9999,2,0
BRDA:500,0,4,338
BRDA:500,0,5,0
BRDA:501,9999,1,338
BRDA:501,9999,2,0
BRDA:501,0,4,338
BRDA:501,0,5,0
BRDA:503,9999,1,338
BRDA:503,9999,2,0
BRDA:503,0,4,338
BRDA:503,0,5,0
BRDA:504,9999,1,338
BRDA:504,9999,2,0
BRDA:504,0,4,338
BRDA:504,0,5,0
BRDA:506,9999,0,0
BRDA:506,9999,1,338
BRDA:509,0,1,-
BRDA:509,0,2,-
BRDA:509,1,4,-
BRDA:509,1,5,-
BRDA:509,2,7,-
BRDA:509,2,8,-
BRDA:516,0,1,338
BRDA:516,0,2,0
BRDA:516,2,5,338
BRDA:516,2,6,0
BRDA:518,9999,1,338
BRDA:518,9999,2,0
BRDA:518,0,4,338
BRDA:518,0,5,0
BRDA:518,1,7,338
BRDA:518,1,8,0
BRDA:520,0,1,338
BRDA:520,0,2,0
BRDA:520,1,4,338
BRDA:520,1,5,0
BRDA:521,9999,1,338
BRDA:521,9999,2,0
BRDA:521,0,4,338
BRDA:521,0,5,0
BRDA:523,0,1,338
BRDA:523,0,2,0
BRDA:523,1,4,338
BRDA:523,1,5,0
BRDA:523,2,7,338
BRDA:523,2,8,0
BRDA:523,3,10,338
BRDA:523,3,11,0
BRDA:525,9999,1,338
BRDA:525,9999,2,0
BRDA:525,0,4,338
BRDA:525,0,5,0
BRDA:526,9999,1,338
BRDA:526,9999,2,0
BRDA:526,0,4,338
BRDA:526,0,5,0
BRDA:528,9999,1,338
BRDA:528,9999,2,0
BRDA:530,0,1,338
BRDA:530,0,2,0
BRDA:530,1,5,338
BRDA:530,1,6,0
BRDA:530,2,9,338
BRDA:530,2,10,0
BRDA:530,4,13,338
BRDA:530,4,14,0
BRDA:530,5,16,338
BRDA:530,5,17,0
BRDA:530,6,19,338
BRDA:530,6,20,0
BRDA:531,9999,1,338
BRDA:531,9999,2,0
BRDA:531,0,4,338
BRDA:531,0,5,0
BRDA:532,9999,1,338
BRDA:532,9999,2,0
BRDA:532,0,4,338
BRDA:532,0,5,0
BRDA:533,9999,1,338
BRDA:533,9999,2,0
BRDA:533,0,4,338
BRDA:533,0,5,0
BRDA:536,9999,2,338
BRDA:536,9999,3,0
BRDA:536,0,5,338
BRDA:536,0,6,0
BRDA:536,1,8,338
BRDA:536,1,9,0
BRDA:536,2,11,338
BRDA:536,2,12,0
BRDA:537,0,1,338
BRDA:537,0,2,0
BRDA:537,1,4,338
BRDA:537,1,5,0
BRDA:542,0,1,338
BRDA:542,0,2,0
BRDA:542,1,4,338
BRDA:542,1,5,0
BRDA:542,2,7,338
BRDA:542,2,8,0
BRDA:542,3,10,338
BRDA:542,3,11,0
BRDA:542,4,13,338
BRDA:542,4,14,0
BRDA:545,9999,1,338
BRDA:545,9999,2,0
BRDA:545,0,4,338
BRDA:545,0,5,0
BRDA:546,9999,1,338
BRDA:546,9999,2,0
BRDA:546,0,4,338
BRDA:546,0,5,0
BRDA:547,9999,1,338
BRDA:547,9999,2,0
BRDA:547,0,4,338
BRDA:547,0,5,0
BRDA:551,9999,1,338
BRDA:551,9999,2,0
BRDA:553,0,1,338
BRDA:553,0,2,0
BRDA:556,0,1,1
BRDA:556,0,2,0
BRDA:557,3,1,2
BRDA:557,3,2,0
BRDA:557,4,3,2
BRDA:557,4,4,0
BRF:1218
BRH:545
DA:49,2
DA:52,2
DA:54,1
DA:55,1
DA:59,1
DA:60,1
DA:61,1
DA:63,2
DA:66,1
DA:67,1
DA:70,1
DA:73,2
DA:76,1
DA:77,1
DA:79,1
DA:81,2
DA:90,1
DA:93,2
DA:97,1
DA:100,1
DA:102,1
DA:105,1
DA:106,1
DA:107,1
DA:108,1
DA:109,1
DA:110,1
DA:111,1
DA:113,2
DA:117,1
DA:120,1
DA:122,1
DA:124,1
DA:125,1
DA:126,1
DA:127,1
DA:134,338
DA:139,338
DA:140,338
DA:141,338
DA:143,338
DA:144,338
DA:146,338
DA:148,676
DA:150,338
DA:151,338
DA:152,338
DA:153,338
DA:154,338
DA:156,338
DA:161,338
DA:162,338
DA:163,338
DA:164,338
DA:165,338
DA:166,338
DA:168,338
DA:169,338
DA:170,338
DA:171,338
DA:172,676
DA:173,338
DA:176,1352
DA:188,1352
DA:189,1352
DA:192,1352
DA:194,1352
DA:197,1352
DA:198,1014
DA:199,7098
DA:200,6084
DA:205,338
DA:206,338
DA:207,338
DA:208,2366
DA:209,2028
DA:210,2028
DA:211,2028
DA:212,2028
DA:213,2028
DA:215,7098
DA:216,5070
DA:217,5070
DA:219,338
DA:220,1352
DA:221,1352
DA:224,338
DA:226,338
DA:227,338
DA:229,338
DA:231,338
DA:233,338
DA:234,338
DA:237,338
DA:238,338
DA:241,338
DA:242,338
DA:243,338
DA:244,338
DA:245,338
DA:246,338
DA:247,338
DA:250,1
DA:259,1
DA:260,2
DA:261,2
DA:263,1
DA:264,1
DA:267,1
DA:268,0
DA:271,1
DA:272,0
DA:274,1
DA:275,0
DA:277,1
DA:278,1
DA:281,1
DA:282,1
DA:283,1
DA:285,1
DA:287,1
DA:289,1
DA:290,1
DA:291,1
DA:292,1
DA:294,2
DA:295,2
DA:296,2
DA:297,2
DA:299,1
DA:300,1
DA:302,481
DA:303,480
DA:304,361
DA:305,360
DA:307,1
DA:308,1
DA:310,1
DA:311,1
DA:313,2
DA:314,2
DA:315,2
DA:316,2
DA:317,2
DA:319,2
DA:321,2
DA:323,1
DA:324,1
DA:326,0
DA:329,1
DA:330,1
DA:332,2
DA:333,1
DA:334,1
DA:337,1
DA:340,1
DA:341,1
DA:343,1
DA:344,1
DA:347,2
DA:348,2
DA:349,2
DA:350,2
DA:354,1
DA:356,1
DA:357,1
DA:359,1
DA:360,1
DA:363,2
DA:364,2
DA:365,2
DA:366,2
DA:367,2
DA:368,2
DA:369,2
DA:371,2
DA:372,2
DA:374,1
DA:375,1
DA:379,1
DA:380,1
DA:382,2
DA:383,2
DA:384,2
DA:385,2
DA:387,339
DA:390,338
DA:391,338
DA:392,338
DA:393,338
DA:394,338
DA:395,338
DA:396,338
DA:397,338
DA:401,338
DA:402,338
DA:403,338
DA:404,338
DA:407,338
DA:408,338
DA:410,338
DA:411,338
DA:412,338
DA:414,338
DA:415,338
DA:418,338
DA:420,338
DA:422,676
DA:424,338
DA:427,338
DA:429,338
DA:431,338
DA:433,338
DA:434,338
DA:435,338
DA:436,338
DA:437,338
DA:438,338
DA:439,338
DA:440,338
DA:441,338
DA:442,338
DA:444,338
DA:445,338
DA:447,338
DA:450,338
DA:452,338
DA:454,338
DA:457,338
DA:458,338
DA:459,338
DA:460,0
DA:464,338
DA:465,338
DA:472,676
DA:473,338
DA:474,338
DA:475,338
DA:487,676
DA:489,676
DA:490,338
DA:496,338
DA:499,338
DA:500,338
DA:501,338
DA:503,338
DA:504,338
DA:506,338
DA:508,0
DA:509,0
DA:513,338
DA:516,676
DA:518,338
DA:520,338
DA:521,338
DA:523,338
DA:525,338
DA:526,338
DA:528,338
DA:530,676
DA:531,338
DA:532,338
DA:533,338
DA:536,676
DA:537,338
DA:542,338
DA:545,338
DA:546,338
DA:547,338
DA:551,338
DA:553,338
DA:556,1
DA:557,8
LF:273
LH:266
end_of_record
